<?xml version="1.0" encoding="UTF-8"?>
<coverage generated="1532812195511" clover="3.2.0">
    <project timestamp="1532812195511" name="All files">
        <metrics statements="56" coveredstatements="55" conditionals="18" coveredconditionals="17" methods="18"
                 coveredmethods="18" elements="92" coveredelements="90" complexity="0" loc="56" ncloc="56" packages="1"
                 files="1" classes="1">
            <file name="CartParser.js" path="F:\WorkProjects\Binary-S\BSTack10tests\src\CartParser.js">
                <metrics statements="56" coveredstatements="55" conditionals="18" coveredconditionals="17" methods="18"
                         coveredmethods="18"/>
                <line num="7" count="11" type="stmt"/>
                <line num="12" count="11" type="stmt"/>
                <line num="18" count="11" type="stmt"/>
                <line num="48" count="2" type="stmt"/>
                <line num="49" count="2" type="stmt"/>
                <line num="51" count="2" type="cond" truecount="2" falsecount="0"/>
                <line num="52" count="1" type="stmt"/>
                <line num="53" count="1" type="stmt"/>
                <line num="57" count="7" type="stmt"/>
                <line num="58" count="5" type="stmt"/>
                <line num="59" count="1" type="stmt"/>
                <line num="61" count="1" type="stmt"/>
                <line num="75" count="2" type="stmt"/>
                <line num="89" count="6" type="stmt"/>
                <line num="90" count="24" type="stmt"/>
                <line num="91" count="6" type="stmt"/>
                <line num="92" count="20" type="stmt"/>
                <line num="94" count="18" type="stmt"/>
                <line num="96" count="6" type="stmt"/>
                <line num="97" count="18" type="stmt"/>
                <line num="98" count="18" type="cond" truecount="2" falsecount="0"/>
                <line num="99" count="1" type="stmt"/>
                <line num="108" count="6" type="stmt"/>
                <line num="109" count="42" type="stmt"/>
                <line num="111" count="14" type="cond" truecount="2" falsecount="0"/>
                <line num="112" count="1" type="stmt"/>
                <line num="118" count="1" type="stmt"/>
                <line num="121" count="13" type="stmt"/>
                <line num="123" count="39" type="stmt"/>
                <line num="124" count="39" type="stmt"/>
                <line num="126" count="39" type="cond" truecount="2" falsecount="1"/>
                <line num="128" count="13" type="cond" truecount="2" falsecount="0"/>
                <line num="129" count="1" type="stmt"/>
                <line num="136" count="13" type="stmt"/>
                <line num="139" count="26" type="stmt"/>
                <line num="140" count="26" type="cond" truecount="2" falsecount="0"/>
                <line num="145" count="1" type="stmt"/>
                <line num="152" count="26" type="stmt"/>
                <line num="155" count="0" type="stmt"/>
                <line num="160" count="6" type="stmt"/>
                <line num="173" count="8" type="stmt"/>
                <line num="174" count="24" type="stmt"/>
                <line num="175" count="24" type="stmt"/>
                <line num="176" count="24" type="stmt"/>
                <line num="177" count="8" type="stmt"/>
                <line num="179" count="8" type="stmt"/>
                <line num="181" count="24" type="stmt"/>
                <line num="182" count="24" type="stmt"/>
                <line num="183" count="24" type="stmt"/>
                <line num="184" count="24" type="cond" truecount="2" falsecount="0"/>
                <line num="186" count="24" type="stmt"/>
                <line num="189" count="8" type="stmt"/>
                <line num="191" count="8" type="stmt"/>
                <line num="202" count="2" type="stmt"/>
                <line num="203" count="7" type="stmt"/>
                <line num="217" count="4" type="stmt"/>
            </file>
        </metrics>
    </project>
</coverage>
