TN:
SF:F:\WorkProjects\Binary-S\BSTack10tests\src\CartParser.js
FN:6,(anonymous_0)
FN:46,(anonymous_1)
FN:57,(anonymous_2)
FN:57,(anonymous_3)
FN:58,(anonymous_4)
FN:74,(anonymous_5)
FN:87,(anonymous_6)
FN:90,(anonymous_7)
FN:92,(anonymous_8)
FN:94,(anonymous_9)
FN:109,(anonymous_10)
FN:171,(anonymous_11)
FN:174,(anonymous_12)
FN:175,(anonymous_13)
FN:176,(anonymous_14)
FN:201,(anonymous_15)
FN:203,(anonymous_16)
FN:216,(anonymous_17)
FNF:18
FNH:18
FNDA:11,(anonymous_0)
FNDA:2,(anonymous_1)
FNDA:7,(anonymous_2)
FNDA:6,(anonymous_3)
FNDA:5,(anonymous_4)
FNDA:2,(anonymous_5)
FNDA:6,(anonymous_6)
FNDA:24,(anonymous_7)
FNDA:20,(anonymous_8)
FNDA:18,(anonymous_9)
FNDA:42,(anonymous_10)
FNDA:8,(anonymous_11)
FNDA:24,(anonymous_12)
FNDA:24,(anonymous_13)
FNDA:24,(anonymous_14)
FNDA:2,(anonymous_15)
FNDA:7,(anonymous_16)
FNDA:4,(anonymous_17)
DA:7,11
DA:12,11
DA:18,11
DA:48,2
DA:49,2
DA:51,2
DA:52,1
DA:53,1
DA:57,7
DA:58,5
DA:59,1
DA:61,1
DA:75,2
DA:89,6
DA:90,24
DA:91,6
DA:92,20
DA:94,18
DA:96,6
DA:97,18
DA:98,18
DA:99,1
DA:108,6
DA:109,42
DA:111,14
DA:112,1
DA:118,1
DA:121,13
DA:123,39
DA:124,39
DA:126,39
DA:128,13
DA:129,1
DA:136,13
DA:139,26
DA:140,26
DA:145,1
DA:152,26
DA:155,0
DA:160,6
DA:173,8
DA:174,24
DA:175,24
DA:176,24
DA:177,8
DA:179,8
DA:181,24
DA:182,24
DA:183,24
DA:184,24
DA:186,24
DA:189,8
DA:191,8
DA:202,2
DA:203,7
DA:217,4
LF:56
LH:55
BRDA:51,0,0,1
BRDA:51,0,1,1
BRDA:98,1,0,1
BRDA:98,1,1,17
BRDA:111,2,0,1
BRDA:111,2,1,13
BRDA:126,3,0,13
BRDA:126,3,1,26
BRDA:126,3,2,0
BRDA:128,4,0,1
BRDA:128,4,1,12
BRDA:140,5,0,1
BRDA:140,5,1,25
BRDA:141,6,0,26
BRDA:141,6,1,26
BRDA:141,6,2,25
BRDA:184,7,0,16
BRDA:184,7,1,8
BRF:18
BRH:17
end_of_record
